<?xml version="1.0" encoding="UTF-8"?>
<!-- Generated by org.testng.reporters.JUnitReportReporter -->
<testsuite skipped="1" hostname="DESKTOP-MUE1MC5" name="BasicPrograms.LibraryAPI" tests="4" failures="0" timestamp="2019-11-18T11:54:45 IST" time="3.453" errors="0">
  <testcase name="addBook" time="3.164" classname="BasicPrograms.LibraryAPI"/>
  <testcase name="addBook" time="0.157" classname="BasicPrograms.LibraryAPI"/>
  <testcase name="addBook" time="0.132" classname="BasicPrograms.LibraryAPI"/>
  <testcase name="deleteBook" classname="BasicPrograms.LibraryAPI">
    <skipped/>
  </testcase> <!-- deleteBook -->
</testsuite> <!-- BasicPrograms.LibraryAPI -->
