<?xml version="1.0" encoding="UTF-8"?>
<!-- Generated by org.testng.reporters.JUnitReportReporter -->
<testsuite skipped="0" hostname="DESKTOP-MUE1MC5" name="BasicPrograms.ReadingJSONResponse" tests="1" failures="0" timestamp="2019-11-16T12:22:40 IST" time="3.425" errors="0">
  <testcase name="readJSONResponse" time="3.425" classname="BasicPrograms.ReadingJSONResponse"/>
</testsuite> <!-- BasicPrograms.ReadingJSONResponse -->
